app/build/intermediates/manifest_merge_blame_file/debug/manifest-merger-blame-debug-report.txt
1<?xml version="1.0" encoding="utf-8"?>
2<!--
3  ~ Copyright (c) 2021 Razeware LLC
4  ~
5  ~ Permission is hereby granted, free of charge, to any person obtaining a copy
6  ~ of this software and associated documentation files (the "Software"), to deal
7  ~ in the Software without restriction, including without limitation the rights
8  ~ to use, copy, modify, merge, publish, distribute, sublicense, and/or sell
9  ~ copies of the Software, and to permit persons to whom the Software is
10  ~ furnished to do so, subject to the following conditions:
11  ~
12  ~ The above copyright notice and this permission notice shall be included in
13  ~ all copies or substantial portions of the Software.
14  ~
15  ~ Notwithstanding the foregoing, you may not use, copy, modify, merge, publish,
16  ~ distribute, sublicense, create a derivative work, and/or sell copies of the
17  ~ Software in any work that is designed, intended, or marketed for pedagogical or
18  ~ instructional purposes related to programming, coding, application development,
19  ~ or information technology.  Permission for such use, copying, modification,
20  ~ merger, publication, distribution, sublicensing, creation of derivative works,
21  ~ or sale is expressly withheld.
22  ~
23  ~ This project and source code may use libraries or frameworks that are
24  ~ released under various Open-Source licenses. Use of those libraries and
25  ~ frameworks are governed by their own individual licenses.
26  ~
27  ~ THE SOFTWARE IS PROVIDED "AS IS", WITHOUT WARRANTY OF ANY KIND, EXPRESS OR
28  ~ IMPLIED, INCLUDING BUT NOT LIMITED TO THE WARRANTIES OF MERCHANTABILITY,
29  ~ FITNESS FOR A PARTICULAR PURPOSE AND NONINFRINGEMENT. IN NO EVENT SHALL THE
30  ~ AUTHORS OR COPYRIGHT HOLDERS BE LIABLE FOR ANY CLAIM, DAMAGES OR OTHER
31  ~ LIABILITY, WHETHER IN AN ACTION OF CONTRACT, TORT OR OTHERWISE, ARISING FROM,
32  ~ OUT OF OR IN CONNECTION WITH THE SOFTWARE OR THE USE OR OTHER DEALINGS IN
33  ~ THE SOFTWARE.
34-->
35<manifest xmlns:android="http://schemas.android.com/apk/res/android"
36    package="com.raywenderlich.android.words"
37    android:versionCode="1"
38    android:versionName="1.0" >
39
40    <uses-sdk
41        android:minSdkVersion="24"
41-->src\main\AndroidManifest.xml
42        android:targetSdkVersion="30" />
42-->src\main\AndroidManifest.xml
43
44    <uses-permission android:name="android.permission.INTERNET" />
44-->src\main\AndroidManifest.xml:39:3-65
44-->src\main\AndroidManifest.xml:39:20-62
45
46    <application
46-->src\main\AndroidManifest.xml:41:3-59:17
47        android:name="com.raywenderlich.android.words.WordsApp"
47-->src\main\AndroidManifest.xml:42:5-29
48        android:allowBackup="false"
48-->src\main\AndroidManifest.xml:43:5-32
49        android:appComponentFactory="androidx.core.app.CoreComponentFactory"
49-->[androidx.core:core:1.7.0-alpha01] AndroidManifest.xml:24:18-86
50        android:debuggable="true"
51        android:extractNativeLibs="false"
52        android:icon="@mipmap/ic_launcher"
52-->src\main\AndroidManifest.xml:44:5-39
53        android:label="@string/app_name"
53-->src\main\AndroidManifest.xml:45:5-37
54        android:supportsRtl="true"
54-->src\main\AndroidManifest.xml:46:5-31
55        android:testOnly="true"
56        android:theme="@style/Theme.AppCompat.DayNight.NoActionBar" >
56-->src\main\AndroidManifest.xml:47:5-64
57        <activity
57-->src\main\AndroidManifest.xml:48:5-58:16
58            android:name="com.raywenderlich.android.words.MainActivity"
58-->src\main\AndroidManifest.xml:49:7-34
59            android:exported="true"
59-->src\main\AndroidManifest.xml:50:7-30
60            android:label="@string/app_name"
60-->src\main\AndroidManifest.xml:51:7-39
61            android:theme="@style/Theme.AppCompat.DayNight.NoActionBar" >
61-->src\main\AndroidManifest.xml:52:7-66
62            <intent-filter>
62-->src\main\AndroidManifest.xml:53:7-57:23
63                <action android:name="android.intent.action.MAIN" />
63-->src\main\AndroidManifest.xml:54:9-61
63-->src\main\AndroidManifest.xml:54:17-58
64
65                <category android:name="android.intent.category.LAUNCHER" />
65-->src\main\AndroidManifest.xml:56:9-69
65-->src\main\AndroidManifest.xml:56:19-66
66            </intent-filter>
67        </activity>
68        <activity
68-->[androidx.compose.ui:ui-tooling:1.0.1] AndroidManifest.xml:25:9-27:39
69            android:name="androidx.compose.ui.tooling.PreviewActivity"
69-->[androidx.compose.ui:ui-tooling:1.0.1] AndroidManifest.xml:26:13-71
70            android:exported="true" />
70-->[androidx.compose.ui:ui-tooling:1.0.1] AndroidManifest.xml:27:13-36
71
72        <service
72-->[androidx.room:room-runtime:2.4.0-alpha04] AndroidManifest.xml:25:9-28:40
73            android:name="androidx.room.MultiInstanceInvalidationService"
73-->[androidx.room:room-runtime:2.4.0-alpha04] AndroidManifest.xml:26:13-74
74            android:directBootAware="true"
74-->[androidx.room:room-runtime:2.4.0-alpha04] AndroidManifest.xml:27:13-43
75            android:exported="false" />
75-->[androidx.room:room-runtime:2.4.0-alpha04] AndroidManifest.xml:28:13-37
76
77        <provider
77-->[androidx.emoji2:emoji2:1.0.0-alpha03] AndroidManifest.xml:26:9-34:20
78            android:name="androidx.startup.InitializationProvider"
78-->[androidx.emoji2:emoji2:1.0.0-alpha03] AndroidManifest.xml:27:13-67
79            android:authorities="com.raywenderlich.android.words.androidx-startup"
79-->[androidx.emoji2:emoji2:1.0.0-alpha03] AndroidManifest.xml:28:13-68
80            android:exported="false" >
80-->[androidx.emoji2:emoji2:1.0.0-alpha03] AndroidManifest.xml:29:13-37
81            <meta-data
81-->[androidx.emoji2:emoji2:1.0.0-alpha03] AndroidManifest.xml:31:13-33:52
82                android:name="androidx.emoji2.text.EmojiCompatInitializer"
82-->[androidx.emoji2:emoji2:1.0.0-alpha03] AndroidManifest.xml:32:17-75
83                android:value="androidx.startup" />
83-->[androidx.emoji2:emoji2:1.0.0-alpha03] AndroidManifest.xml:33:17-49
84            <meta-data
84-->[androidx.profileinstaller:profileinstaller:1.0.1] AndroidManifest.xml:31:13-33:52
85                android:name="androidx.profileinstaller.ProfileInstallerInitializer"
85-->[androidx.profileinstaller:profileinstaller:1.0.1] AndroidManifest.xml:32:17-85
86                android:value="androidx.startup" />
86-->[androidx.profileinstaller:profileinstaller:1.0.1] AndroidManifest.xml:33:17-49
87            <meta-data
87-->[androidx.lifecycle:lifecycle-process:2.4.0-alpha02] AndroidManifest.xml:31:13-33:52
88                android:name="androidx.lifecycle.ProcessLifecycleInitializer"
88-->[androidx.lifecycle:lifecycle-process:2.4.0-alpha02] AndroidManifest.xml:32:17-78
89                android:value="androidx.startup" />
89-->[androidx.lifecycle:lifecycle-process:2.4.0-alpha02] AndroidManifest.xml:33:17-49
90        </provider>
91
92        <receiver
92-->[androidx.profileinstaller:profileinstaller:1.0.1] AndroidManifest.xml:36:9-45:20
93            android:name="androidx.profileinstaller.ProfileInstallReceiver"
93-->[androidx.profileinstaller:profileinstaller:1.0.1] AndroidManifest.xml:37:13-76
94            android:directBootAware="false"
94-->[androidx.profileinstaller:profileinstaller:1.0.1] AndroidManifest.xml:38:13-44
95            android:enabled="true"
95-->[androidx.profileinstaller:profileinstaller:1.0.1] AndroidManifest.xml:39:13-35
96            android:exported="true"
96-->[androidx.profileinstaller:profileinstaller:1.0.1] AndroidManifest.xml:40:13-36
97            android:permission="android.permission.DUMP" >
97-->[androidx.profileinstaller:profileinstaller:1.0.1] AndroidManifest.xml:41:13-57
98            <intent-filter>
98-->[androidx.profileinstaller:profileinstaller:1.0.1] AndroidManifest.xml:42:13-44:29
99                <action android:name="androidx.profileinstaller.action.INSTALL_PROFILE" />
99-->[androidx.profileinstaller:profileinstaller:1.0.1] AndroidManifest.xml:43:17-91
99-->[androidx.profileinstaller:profileinstaller:1.0.1] AndroidManifest.xml:43:25-88
100            </intent-filter>
101        </receiver>
102    </application>
103
104</manifest>